Copyright 1986-2022 Xilinx, Inc. All Rights Reserved. Copyright 2022-2025 Advanced Micro Devices, Inc. All Rights Reserved.
---------------------------------------------------------------------------------------------------------------------------------------------
| Tool Version : Vivado v.2025.1 (win64) Build 6140274 Thu May 22 00:12:29 MDT 2025
| Date         : Fri Nov 21 18:22:31 2025
| Host         : MSI running 64-bit major release  (build 9200)
| Command      : report_control_sets -verbose -file Stopwatch_Timer_Top_control_sets_placed.rpt
| Design       : Stopwatch_Timer_Top
| Device       : xc7a35t
---------------------------------------------------------------------------------------------------------------------------------------------

Control Set Information

Table of Contents
-----------------
1. Summary
2. Histogram
3. Flip-Flop Distribution
4. Detailed Control Set Information

1. Summary
----------

+----------------------------------------------------------+-------+
|                          Status                          | Count |
+----------------------------------------------------------+-------+
| Total control sets                                       |     8 |
|    Minimum number of control sets                        |     8 |
|    Addition due to synthesis replication                 |     0 |
|    Addition due to physical synthesis replication        |     0 |
| Unused register locations in slices containing registers |    24 |
+----------------------------------------------------------+-------+
* Control sets can be merged at opt_design using control_set_merge or merge_equivalent_drivers
** Run report_qor_suggestions for automated merging and remapping suggestions


2. Histogram
------------

+--------------------+-------+
|       Fanout       | Count |
+--------------------+-------+
| Total control sets |     8 |
| >= 0 to < 4        |     0 |
| >= 4 to < 6        |     4 |
| >= 6 to < 8        |     2 |
| >= 8 to < 10       |     0 |
| >= 10 to < 12      |     0 |
| >= 12 to < 14      |     0 |
| >= 14 to < 16      |     0 |
| >= 16              |     2 |
+--------------------+-------+
* Control sets can be remapped at either synth_design or opt_design


3. Flip-Flop Distribution
-------------------------

+--------------+-----------------------+------------------------+-----------------+--------------+
| Clock Enable | Synchronous Set/Reset | Asynchronous Set/Reset | Total Registers | Total Slices |
+--------------+-----------------------+------------------------+-----------------+--------------+
| No           | No                    | No                     |               6 |            3 |
| No           | No                    | Yes                    |               0 |            0 |
| No           | Yes                   | No                     |              42 |           12 |
| Yes          | No                    | No                     |               0 |            0 |
| Yes          | No                    | Yes                    |               0 |            0 |
| Yes          | Yes                   | No                     |              16 |            8 |
+--------------+-----------------------+------------------------+-----------------+--------------+


4. Detailed Control Set Information
-----------------------------------

+----------------------+-----------------------------------------------+--------------------------------------------+------------------+----------------+--------------+
|     Clock Signal     |                 Enable Signal                 |              Set/Reset Signal              | Slice Load Count | Bel Load Count | Bels / Slice |
+----------------------+-----------------------------------------------+--------------------------------------------+------------------+----------------+--------------+
|  CLK100MHZ_IBUF_BUFG | Controller_Inst/Button_PULSE_reg_2[0]         | Controller_Inst/SR[0]                      |                2 |              4 |         2.00 |
|  CLK100MHZ_IBUF_BUFG | Controller_Inst/Button_PULSE_reg_3[0]         | Controller_Inst/SR[0]                      |                1 |              4 |         4.00 |
|  CLK100MHZ_IBUF_BUFG | Controller_Inst/E[0]                          | Controller_Inst/SR[0]                      |                1 |              4 |         4.00 |
|  CLK100MHZ_IBUF_BUFG | Controller_Inst/FSM_sequential_CS_reg[1]_1[0] | Controller_Inst/SR[0]                      |                4 |              4 |         1.00 |
|  CLK100MHZ_IBUF_BUFG |                                               |                                            |                3 |              6 |         2.00 |
|  CLK100MHZ_IBUF_BUFG |                                               | RST_SW_IBUF                                |                3 |              6 |         2.00 |
|  CLK100MHZ_IBUF_BUFG |                                               | Display_Driver_Inst/Mux_Counter[0]_i_1_n_0 |                4 |             16 |         4.00 |
|  CLK100MHZ_IBUF_BUFG |                                               | Clock_Div_Inst/counter[0]_i_1_n_0          |                5 |             20 |         4.00 |
+----------------------+-----------------------------------------------+--------------------------------------------+------------------+----------------+--------------+


